c:\users\bogda\source\repos\sidescroller-2d\debug\vc142.pdb
c:\users\bogda\source\repos\sidescroller-2d\debug\vc142.idb
c:\users\bogda\source\repos\sidescroller-2d\debug\game.obj
c:\users\bogda\source\repos\sidescroller-2d\debug\sidescroller-2d.pdb
c:\users\bogda\source\repos\sidescroller-2d\debug\sidescroller-2d.tlog\cl.command.1.tlog
c:\users\bogda\source\repos\sidescroller-2d\debug\sidescroller-2d.tlog\cl.read.1.tlog
c:\users\bogda\source\repos\sidescroller-2d\debug\sidescroller-2d.tlog\cl.write.1.tlog
c:\users\bogda\source\repos\sidescroller-2d\debug\sidescroller-2d.tlog\link-cvtres.read.1.tlog
c:\users\bogda\source\repos\sidescroller-2d\debug\sidescroller-2d.tlog\link-cvtres.write.1.tlog
c:\users\bogda\source\repos\sidescroller-2d\debug\sidescroller-2d.tlog\link-rc.read.1.tlog
c:\users\bogda\source\repos\sidescroller-2d\debug\sidescroller-2d.tlog\link-rc.write.1.tlog
c:\users\bogda\source\repos\sidescroller-2d\debug\sidescroller-2d.tlog\link.14600-cvtres.read.1.tlog
c:\users\bogda\source\repos\sidescroller-2d\debug\sidescroller-2d.tlog\link.14600-cvtres.write.1.tlog
c:\users\bogda\source\repos\sidescroller-2d\debug\sidescroller-2d.tlog\link.14600-rc.read.1.tlog
c:\users\bogda\source\repos\sidescroller-2d\debug\sidescroller-2d.tlog\link.14600-rc.write.1.tlog
c:\users\bogda\source\repos\sidescroller-2d\debug\sidescroller-2d.tlog\link.14600.read.1.tlog
c:\users\bogda\source\repos\sidescroller-2d\debug\sidescroller-2d.tlog\link.14600.write.1.tlog
c:\users\bogda\source\repos\sidescroller-2d\debug\sidescroller-2d.tlog\link.command.1.tlog
c:\users\bogda\source\repos\sidescroller-2d\debug\sidescroller-2d.tlog\link.read.1.tlog
c:\users\bogda\source\repos\sidescroller-2d\debug\sidescroller-2d.tlog\link.write.1.tlog
