  ArtilleryStrike.cpp
  Bird.cpp
  Bomber.cpp
  Bullet.cpp
  Fighter.cpp
  Game.cpp
  main.cpp
  Node.cpp
  Player.cpp
  Shooter.cpp
  SpriteComponent.cpp
  TransformComponent.cpp
  Создание кода...
Bird.obj : error LNK2019: ссылка на неразрешенный внешний символ "__declspec(dllimport) public: float __thiscall sf::Time::asSeconds(void)const " (__imp_?asSeconds@Time@sf@@QBEMXZ) в функции "public: virtual void __thiscall Bird::update(float)" (?update@Bird@@UAEXM@Z).
Fighter.obj : error LNK2001: неразрешенный внешний символ "__declspec(dllimport) public: float __thiscall sf::Time::asSeconds(void)const " (__imp_?asSeconds@Time@sf@@QBEMXZ).
Player.obj : error LNK2001: неразрешенный внешний символ "__declspec(dllimport) public: float __thiscall sf::Time::asSeconds(void)const " (__imp_?asSeconds@Time@sf@@QBEMXZ).
Bird.obj : error LNK2019: ссылка на неразрешенный внешний символ "__declspec(dllimport) public: __thiscall sf::Clock::Clock(void)" (__imp_??0Clock@sf@@QAE@XZ) в функции "public: __thiscall Bird::Bird(void)" (??0Bird@@QAE@XZ).
Fighter.obj : error LNK2001: неразрешенный внешний символ "__declspec(dllimport) public: __thiscall sf::Clock::Clock(void)" (__imp_??0Clock@sf@@QAE@XZ).
Game.obj : error LNK2001: неразрешенный внешний символ "__declspec(dllimport) public: __thiscall sf::Clock::Clock(void)" (__imp_??0Clock@sf@@QAE@XZ).
Player.obj : error LNK2001: неразрешенный внешний символ "__declspec(dllimport) public: __thiscall sf::Clock::Clock(void)" (__imp_??0Clock@sf@@QAE@XZ).
Bird.obj : error LNK2019: ссылка на неразрешенный внешний символ "__declspec(dllimport) public: class sf::Time __thiscall sf::Clock::getElapsedTime(void)const " (__imp_?getElapsedTime@Clock@sf@@QBE?AVTime@2@XZ) в функции "public: virtual void __thiscall Bird::update(float)" (?update@Bird@@UAEXM@Z).
Fighter.obj : error LNK2001: неразрешенный внешний символ "__declspec(dllimport) public: class sf::Time __thiscall sf::Clock::getElapsedTime(void)const " (__imp_?getElapsedTime@Clock@sf@@QBE?AVTime@2@XZ).
Game.obj : error LNK2001: неразрешенный внешний символ "__declspec(dllimport) public: class sf::Time __thiscall sf::Clock::getElapsedTime(void)const " (__imp_?getElapsedTime@Clock@sf@@QBE?AVTime@2@XZ).
Player.obj : error LNK2001: неразрешенный внешний символ "__declspec(dllimport) public: class sf::Time __thiscall sf::Clock::getElapsedTime(void)const " (__imp_?getElapsedTime@Clock@sf@@QBE?AVTime@2@XZ).
Bird.obj : error LNK2019: ссылка на неразрешенный внешний символ "__declspec(dllimport) public: class sf::Time __thiscall sf::Clock::restart(void)" (__imp_?restart@Clock@sf@@QAE?AVTime@2@XZ) в функции "public: virtual void __thiscall Bird::update(float)" (?update@Bird@@UAEXM@Z).
Fighter.obj : error LNK2001: неразрешенный внешний символ "__declspec(dllimport) public: class sf::Time __thiscall sf::Clock::restart(void)" (__imp_?restart@Clock@sf@@QAE?AVTime@2@XZ).
Game.obj : error LNK2001: неразрешенный внешний символ "__declspec(dllimport) public: class sf::Time __thiscall sf::Clock::restart(void)" (__imp_?restart@Clock@sf@@QAE?AVTime@2@XZ).
Player.obj : error LNK2001: неразрешенный внешний символ "__declspec(dllimport) public: class sf::Time __thiscall sf::Clock::restart(void)" (__imp_?restart@Clock@sf@@QAE?AVTime@2@XZ).
Game.obj : error LNK2019: ссылка на неразрешенный внешний символ "__declspec(dllimport) public: int __thiscall sf::Time::asMilliseconds(void)const " (__imp_?asMilliseconds@Time@sf@@QBEHXZ) в функции "private: void __thiscall Game::update(void)" (?update@Game@@AAEXXZ).
Game.obj : error LNK2019: ссылка на неразрешенный внешний символ "__declspec(dllimport) public: __int64 __thiscall sf::Time::asMicroseconds(void)const " (__imp_?asMicroseconds@Time@sf@@QBE_JXZ) в функции "private: void __thiscall Game::update(void)" (?update@Game@@AAEXXZ).
Game.obj : error LNK2019: ссылка на неразрешенный внешний символ "__declspec(dllimport) public: __thiscall sf::String::String(char const *,class std::locale const &)" (__imp_??0String@sf@@QAE@PBDABVlocale@std@@@Z) в функции "void __cdecl `dynamic initializer for 'private: static class sf::RenderWindow Game::window''(void)" (??__E?window@Game@@0VRenderWindow@sf@@A@@YAXXZ).
Game.obj : error LNK2019: ссылка на неразрешенный внешний символ "__declspec(dllimport) public: __thiscall sf::String::String(class std::basic_string<char,struct std::char_traits<char>,class std::allocator<char> > const &,class std::locale const &)" (__imp_??0String@sf@@QAE@ABV?$basic_string@DU?$char_traits@D@std@@V?$allocator@D@2@@std@@ABVlocale@3@@Z) в функции "public: static void __cdecl Game::increaseScore(void)" (?increaseScore@Game@@SAXXZ).
Game.obj : error LNK2019: ссылка на неразрешенный внешний символ "__declspec(dllimport) public: __thiscall sf::String::~String(void)" (__imp_??1String@sf@@QAE@XZ) в функции "void __cdecl `dynamic initializer for 'private: static class sf::RenderWindow Game::window''(void)" (??__E?window@Game@@0VRenderWindow@sf@@A@@YAXXZ).
Game.obj : error LNK2019: ссылка на неразрешенный внешний символ "__declspec(dllimport) public: static bool __cdecl sf::Keyboard::isKeyPressed(enum sf::Keyboard::Key)" (__imp_?isKeyPressed@Keyboard@sf@@SA_NW4Key@12@@Z) в функции "private: void __thiscall Game::update(void)" (?update@Game@@AAEXXZ).
Game.obj : error LNK2019: ссылка на неразрешенный внешний символ "__declspec(dllimport) public: __thiscall sf::VideoMode::VideoMode(unsigned int,unsigned int,unsigned int)" (__imp_??0VideoMode@sf@@QAE@III@Z) в функции "void __cdecl `dynamic initializer for 'private: static class sf::RenderWindow Game::window''(void)" (??__E?window@Game@@0VRenderWindow@sf@@A@@YAXXZ).
Game.obj : error LNK2019: ссылка на неразрешенный внешний символ "__declspec(dllimport) public: void __thiscall sf::Window::close(void)" (__imp_?close@Window@sf@@QAEXXZ) в функции "public: void __thiscall Game::start(void)" (?start@Game@@QAEXXZ).
Game.obj : error LNK2019: ссылка на неразрешенный внешний символ "__declspec(dllimport) public: bool __thiscall sf::Window::isOpen(void)const " (__imp_?isOpen@Window@sf@@QBE_NXZ) в функции "public: void __thiscall Game::start(void)" (?start@Game@@QAEXXZ).
Game.obj : error LNK2019: ссылка на неразрешенный внешний символ "__declspec(dllimport) public: bool __thiscall sf::Window::pollEvent(class sf::Event &)" (__imp_?pollEvent@Window@sf@@QAE_NAAVEvent@2@@Z) в функции "public: void __thiscall Game::start(void)" (?start@Game@@QAEXXZ).
Game.obj : error LNK2019: ссылка на неразрешенный внешний символ "__declspec(dllimport) public: void __thiscall sf::Window::display(void)" (__imp_?display@Window@sf@@QAEXXZ) в функции "private: void __thiscall Game::draw(void)" (?draw@Game@@AAEXXZ).
Game.obj : error LNK2019: ссылка на неразрешенный внешний символ "__declspec(dllimport) public: void __thiscall sf::Transformable::setPosition(float,float)" (__imp_?setPosition@Transformable@sf@@QAEXMM@Z) в функции "private: void __thiscall Game::init(void)" (?init@Game@@AAEXXZ).
Game.obj : error LNK2019: ссылка на неразрешенный внешний символ "__declspec(dllimport) public: __thiscall sf::Color::Color(unsigned char,unsigned char,unsigned char,unsigned char)" (__imp_??0Color@sf@@QAE@EEEE@Z) в функции "private: void __thiscall Game::draw(void)" (?draw@Game@@AAEXXZ).
Game.obj : error LNK2019: ссылка на неразрешенный внешний символ "__declspec(dllimport) public: __thiscall sf::Font::Font(void)" (__imp_??0Font@sf@@QAE@XZ) в функции "public: __thiscall Game::Game(void)" (??0Game@@QAE@XZ).
Game.obj : error LNK2019: ссылка на неразрешенный внешний символ "__declspec(dllimport) public: __thiscall sf::Font::~Font(void)" (__imp_??1Font@sf@@QAE@XZ) в функции __unwindfunclet$??0Game@@QAE@XZ$0.
Game.obj : error LNK2019: ссылка на неразрешенный внешний символ "__declspec(dllimport) public: bool __thiscall sf::Font::loadFromFile(class std::basic_string<char,struct std::char_traits<char>,class std::allocator<char> > const &)" (__imp_?loadFromFile@Font@sf@@QAE_NABV?$basic_string@DU?$char_traits@D@std@@V?$allocator@D@2@@std@@@Z) в функции "private: void __thiscall Game::init(void)" (?init@Game@@AAEXXZ).
Game.obj : error LNK2019: ссылка на неразрешенный внешний символ "__declspec(dllimport) public: void __thiscall sf::RenderTarget::clear(class sf::Color const &)" (__imp_?clear@RenderTarget@sf@@QAEXABVColor@2@@Z) в функции "private: void __thiscall Game::draw(void)" (?draw@Game@@AAEXXZ).
    Указание на символы, которые определены и могут подойти:
      "__declspec(dllimport) public: void __thiscall std::basic_ios<char,struct std::char_traits<char> >::clear(int,bool)" (__imp_?clear@?$basic_ios@DU?$char_traits@D@std@@@std@@QAEXH_N@Z)
Game.obj : error LNK2019: ссылка на неразрешенный внешний символ "__declspec(dllimport) public: void __thiscall sf::RenderTarget::draw(class sf::Drawable const &,class sf::RenderStates const &)" (__imp_?draw@RenderTarget@sf@@QAEXABVDrawable@2@ABVRenderStates@2@@Z) в функции "private: void __thiscall Game::draw(void)" (?draw@Game@@AAEXXZ).
Node.obj : error LNK2001: неразрешенный внешний символ "__declspec(dllimport) public: void __thiscall sf::RenderTarget::draw(class sf::Drawable const &,class sf::RenderStates const &)" (__imp_?draw@RenderTarget@sf@@QAEXABVDrawable@2@ABVRenderStates@2@@Z).
Game.obj : error LNK2019: ссылка на неразрешенный внешний символ "__declspec(dllimport) public: __thiscall sf::RenderWindow::RenderWindow(class sf::VideoMode,class sf::String const &,unsigned int,struct sf::ContextSettings const &)" (__imp_??0RenderWindow@sf@@QAE@VVideoMode@1@ABVString@1@IABUContextSettings@1@@Z) в функции "void __cdecl `dynamic initializer for 'private: static class sf::RenderWindow Game::window''(void)" (??__E?window@Game@@0VRenderWindow@sf@@A@@YAXXZ).
Game.obj : error LNK2019: ссылка на неразрешенный внешний символ "__declspec(dllimport) public: virtual __thiscall sf::RenderWindow::~RenderWindow(void)" (__imp_??1RenderWindow@sf@@UAE@XZ) в функции "void __cdecl `dynamic atexit destructor for 'private: static class sf::RenderWindow Game::window''(void)" (??__F?window@Game@@0VRenderWindow@sf@@A@@YAXXZ).
Game.obj : error LNK2019: ссылка на неразрешенный внешний символ "__declspec(dllimport) public: __thiscall sf::Text::Text(void)" (__imp_??0Text@sf@@QAE@XZ) в функции "void __cdecl `dynamic initializer for 'private: static class sf::Text Game::currentScoreText''(void)" (??__E?currentScoreText@Game@@0VText@sf@@A@@YAXXZ).
Game.obj : error LNK2019: ссылка на неразрешенный внешний символ "__declspec(dllimport) public: void __thiscall sf::Text::setString(class sf::String const &)" (__imp_?setString@Text@sf@@QAEXABVString@2@@Z) в функции "public: static void __cdecl Game::increaseScore(void)" (?increaseScore@Game@@SAXXZ).
Game.obj : error LNK2019: ссылка на неразрешенный внешний символ "__declspec(dllimport) public: void __thiscall sf::Text::setFont(class sf::Font const &)" (__imp_?setFont@Text@sf@@QAEXABVFont@2@@Z) в функции "private: void __thiscall Game::init(void)" (?init@Game@@AAEXXZ).
Game.obj : error LNK2019: ссылка на неразрешенный внешний символ "__declspec(dllimport) public: void __thiscall sf::Text::setCharacterSize(unsigned int)" (__imp_?setCharacterSize@Text@sf@@QAEXI@Z) в функции "private: void __thiscall Game::init(void)" (?init@Game@@AAEXXZ).
Game.obj : error LNK2019: ссылка на неразрешенный внешний символ "__declspec(dllimport) public: virtual __thiscall sf::Text::~Text(void)" (__imp_??1Text@sf@@UAE@XZ) в функции "void __cdecl `dynamic atexit destructor for 'private: static class sf::Text Game::currentScoreText''(void)" (??__F?currentScoreText@Game@@0VText@sf@@A@@YAXXZ).
Game.obj : error LNK2019: ссылка на неразрешенный внешний символ "__declspec(dllimport) public: class sf::Text & __thiscall sf::Text::operator=(class sf::Text const &)" (__imp_??4Text@sf@@QAEAAV01@ABV01@@Z) в функции "private: void __thiscall Game::init(void)" (?init@Game@@AAEXXZ).
Game.obj : error LNK2019: ссылка на неразрешенный внешний символ "__declspec(dllimport) public: static class sf::RenderStates const sf::RenderStates::Default" (__imp_?Default@RenderStates@sf@@2V12@B) в функции "private: void __thiscall Game::draw(void)" (?draw@Game@@AAEXXZ).
Node.obj : error LNK2001: неразрешенный внешний символ "__declspec(dllimport) public: static class sf::RenderStates const sf::RenderStates::Default" (__imp_?Default@RenderStates@sf@@2V12@B).
Node.obj : error LNK2019: ссылка на неразрешенный внешний символ "__declspec(dllimport) public: void __thiscall sf::Transformable::setPosition(class sf::Vector2<float> const &)" (__imp_?setPosition@Transformable@sf@@QAEXABV?$Vector2@M@2@@Z) в функции "public: virtual void __thiscall Node::draw(class sf::RenderWindow &)" (?draw@Node@@UAEXAAVRenderWindow@sf@@@Z).
Player.obj : error LNK2019: ссылка на неразрешенный внешний символ "__declspec(dllimport) public: static bool __cdecl sf::Mouse::isButtonPressed(enum sf::Mouse::Button)" (__imp_?isButtonPressed@Mouse@sf@@SA_NW4Button@12@@Z) в функции "public: virtual void __thiscall Player::update(float)" (?update@Player@@UAEXM@Z).
Player.obj : error LNK2019: ссылка на неразрешенный внешний символ "__declspec(dllimport) public: static class sf::Vector2<int> __cdecl sf::Mouse::getPosition(class sf::Window const &)" (__imp_?getPosition@Mouse@sf@@SA?AV?$Vector2@H@2@ABVWindow@2@@Z) в функции "public: virtual void __thiscall Player::update(float)" (?update@Player@@UAEXM@Z).
SpriteComponent.obj : error LNK2019: ссылка на неразрешенный внешний символ "__declspec(dllimport) public: __thiscall sf::Texture::Texture(void)" (__imp_??0Texture@sf@@QAE@XZ) в функции "public: __thiscall SpriteComponent::SpriteComponent(void)" (??0SpriteComponent@@QAE@XZ).
SpriteComponent.obj : error LNK2019: ссылка на неразрешенный внешний символ "__declspec(dllimport) public: __thiscall sf::Texture::~Texture(void)" (__imp_??1Texture@sf@@QAE@XZ) в функции __unwindfunclet$??0SpriteComponent@@QAE@XZ$0.
SpriteComponent.obj : error LNK2019: ссылка на неразрешенный внешний символ "__declspec(dllimport) public: bool __thiscall sf::Texture::loadFromFile(class std::basic_string<char,struct std::char_traits<char>,class std::allocator<char> > const &,class sf::Rect<int> const &)" (__imp_?loadFromFile@Texture@sf@@QAE_NABV?$basic_string@DU?$char_traits@D@std@@V?$allocator@D@2@@std@@ABV?$Rect@H@2@@Z) в функции "public: void __thiscall SpriteComponent::setImage(class std::basic_string<char,struct std::char_traits<char>,class std::allocator<char> > const &)" (?setImage@SpriteComponent@@QAEXABV?$basic_string@DU?$char_traits@D@std@@V?$allocator@D@2@@std@@@Z).
SpriteComponent.obj : error LNK2019: ссылка на неразрешенный внешний символ "__declspec(dllimport) public: __thiscall sf::Sprite::Sprite(void)" (__imp_??0Sprite@sf@@QAE@XZ) в функции "public: __thiscall SpriteComponent::SpriteComponent(void)" (??0SpriteComponent@@QAE@XZ).
SpriteComponent.obj : error LNK2019: ссылка на неразрешенный внешний символ "__declspec(dllimport) public: __thiscall sf::Sprite::Sprite(class sf::Texture const &)" (__imp_??0Sprite@sf@@QAE@ABVTexture@1@@Z) в функции "public: class sf::Sprite * __thiscall SpriteComponent::getSprite(void)" (?getSprite@SpriteComponent@@QAEPAVSprite@sf@@XZ).
SpriteComponent.obj : error LNK2019: ссылка на неразрешенный внешний символ "__declspec(dllimport) public: virtual __thiscall sf::Sprite::~Sprite(void)" (__imp_??1Sprite@sf@@UAE@XZ) в функции "public: __thiscall SpriteComponent::~SpriteComponent(void)" (??1SpriteComponent@@QAE@XZ).
SpriteComponent.obj : error LNK2019: ссылка на неразрешенный внешний символ "__declspec(dllimport) public: class sf::Sprite & __thiscall sf::Sprite::operator=(class sf::Sprite &&)" (__imp_??4Sprite@sf@@QAEAAV01@$$QAV01@@Z) в функции "public: class sf::Sprite * __thiscall SpriteComponent::getSprite(void)" (?getSprite@SpriteComponent@@QAEPAVSprite@sf@@XZ).
C:\Users\bogda\OneDrive\Документы\GitHub\SideScroller-2d\SideScroller-2D\Debug\SideScroller-2D.exe : fatal error LNK1120: неразрешенных внешних элементов: 41
