c:\users\bogda\source\repos\sidescroller-2d\x64\debug\vc141.pdb
c:\users\bogda\source\repos\sidescroller-2d\x64\debug\vc141.idb
c:\users\bogda\source\repos\sidescroller-2d\x64\debug\transformcomponent.obj
c:\users\bogda\source\repos\sidescroller-2d\x64\debug\player.obj
c:\users\bogda\source\repos\sidescroller-2d\x64\debug\node.obj
c:\users\bogda\source\repos\sidescroller-2d\x64\debug\game.obj
c:\users\bogda\source\repos\sidescroller-2d\x64\debug\spritecomponent.obj
c:\users\bogda\source\repos\sidescroller-2d\x64\debug\main.obj
c:\users\bogda\source\repos\sidescroller-2d\x64\debug\bullet.obj
c:\users\bogda\source\repos\sidescroller-2d\x64\debug\bird.obj
c:\users\bogda\source\repos\sidescroller-2d\x64\debug\bomber.obj
c:\users\bogda\source\repos\sidescroller-2d\x64\debug\fighter.obj
c:\users\bogda\source\repos\sidescroller-2d\x64\debug\shooter.obj
c:\users\bogda\source\repos\sidescroller-2d\x64\debug\artillerystrike.obj
c:\users\bogda\onedrive\документы\github\sidescroller-2d\sidescroller-2d\x64\debug\vc141.pdb
c:\users\bogda\onedrive\документы\github\sidescroller-2d\sidescroller-2d\x64\debug\vc141.idb
c:\users\bogda\onedrive\документы\github\sidescroller-2d\sidescroller-2d\x64\debug\transformcomponent.obj
c:\users\bogda\onedrive\документы\github\sidescroller-2d\sidescroller-2d\x64\debug\spritecomponent.obj
c:\users\bogda\onedrive\документы\github\sidescroller-2d\sidescroller-2d\x64\debug\shooter.obj
c:\users\bogda\onedrive\документы\github\sidescroller-2d\sidescroller-2d\x64\debug\player.obj
c:\users\bogda\onedrive\документы\github\sidescroller-2d\sidescroller-2d\x64\debug\node.obj
c:\users\bogda\onedrive\документы\github\sidescroller-2d\sidescroller-2d\x64\debug\main.obj
c:\users\bogda\onedrive\документы\github\sidescroller-2d\sidescroller-2d\x64\debug\game.obj
c:\users\bogda\onedrive\документы\github\sidescroller-2d\sidescroller-2d\x64\debug\fighter.obj
c:\users\bogda\onedrive\документы\github\sidescroller-2d\sidescroller-2d\x64\debug\bullet.obj
c:\users\bogda\onedrive\документы\github\sidescroller-2d\sidescroller-2d\x64\debug\bomber.obj
c:\users\bogda\onedrive\документы\github\sidescroller-2d\sidescroller-2d\x64\debug\bird.obj
c:\users\bogda\onedrive\документы\github\sidescroller-2d\sidescroller-2d\x64\debug\artillerystrike.obj
c:\users\bogda\source\repos\sidescroller-2d\x64\debug\sidescroller-2d.exe
c:\users\bogda\source\repos\sidescroller-2d\x64\debug\sidescroller-2d.ilk
c:\users\bogda\source\repos\sidescroller-2d\x64\debug\sidescroller-2d.pdb
c:\users\bogda\onedrive\документы\github\sidescroller-2d\sidescroller-2d\x64\debug\sidescroller-2d.exe
c:\users\bogda\onedrive\документы\github\sidescroller-2d\sidescroller-2d\x64\debug\sidescroller-2d.ilk
c:\users\bogda\onedrive\документы\github\sidescroller-2d\sidescroller-2d\x64\debug\sidescroller-2d.pdb
c:\users\bogda\onedrive\документы\github\sidescroller-2d\sidescroller-2d\x64\debug\sidescroller-2d.tlog\cl.command.1.tlog
c:\users\bogda\onedrive\документы\github\sidescroller-2d\sidescroller-2d\x64\debug\sidescroller-2d.tlog\cl.read.1.tlog
c:\users\bogda\onedrive\документы\github\sidescroller-2d\sidescroller-2d\x64\debug\sidescroller-2d.tlog\cl.write.1.tlog
c:\users\bogda\onedrive\документы\github\sidescroller-2d\sidescroller-2d\x64\debug\sidescroller-2d.tlog\link.command.1.tlog
c:\users\bogda\onedrive\документы\github\sidescroller-2d\sidescroller-2d\x64\debug\sidescroller-2d.tlog\link.read.1.tlog
c:\users\bogda\onedrive\документы\github\sidescroller-2d\sidescroller-2d\x64\debug\sidescroller-2d.tlog\link.write.1.tlog
